DEBUG:botocore.hooks:Changing event name from creating-client-class.iot-data to creating-client-class.iot-data-plane
DEBUG:botocore.hooks:Changing event name from before-call.apigateway to before-call.api-gateway
DEBUG:botocore.hooks:Changing event name from request-created.machinelearning.Predict to request-created.machine-learning.Predict
DEBUG:botocore.hooks:Changing event name from before-parameter-build.autoscaling.CreateLaunchConfiguration to before-parameter-build.auto-scaling.CreateLaunchConfiguration
DEBUG:botocore.hooks:Changing event name from before-parameter-build.route53 to before-parameter-build.route-53
DEBUG:botocore.hooks:Changing event name from request-created.cloudsearchdomain.Search to request-created.cloudsearch-domain.Search
DEBUG:botocore.hooks:Changing event name from docs.*.autoscaling.CreateLaunchConfiguration.complete-section to docs.*.auto-scaling.CreateLaunchConfiguration.complete-section
DEBUG:botocore.hooks:Changing event name from before-parameter-build.logs.CreateExportTask to before-parameter-build.cloudwatch-logs.CreateExportTask
DEBUG:botocore.hooks:Changing event name from docs.*.logs.CreateExportTask.complete-section to docs.*.cloudwatch-logs.CreateExportTask.complete-section
DEBUG:botocore.hooks:Changing event name from before-parameter-build.cloudsearchdomain.Search to before-parameter-build.cloudsearch-domain.Search
DEBUG:botocore.hooks:Changing event name from docs.*.cloudsearchdomain.Search.complete-section to docs.*.cloudsearch-domain.Search.complete-section
DEBUG:botocore.loaders:Loading JSON file: /home/ubuntu/.local/lib/python3.10/site-packages/botocore/data/endpoints.json
DEBUG:botocore.loaders:Loading JSON file: /home/ubuntu/.local/lib/python3.10/site-packages/botocore/data/sdk-default-configuration.json
DEBUG:botocore.hooks:Event choose-service-name: calling handler <function handle_service_name_alias at 0x7f8f652b3010>
DEBUG:botocore.loaders:Loading JSON file: /home/ubuntu/.local/lib/python3.10/site-packages/botocore/data/s3/2006-03-01/service-2.json
DEBUG:botocore.loaders:Loading JSON file: /home/ubuntu/.local/lib/python3.10/site-packages/botocore/data/s3/2006-03-01/endpoint-rule-set-1.json.gz
DEBUG:botocore.loaders:Loading JSON file: /home/ubuntu/.local/lib/python3.10/site-packages/botocore/data/partitions.json
DEBUG:botocore.hooks:Event creating-client-class.s3: calling handler <function add_generate_presigned_post at 0x7f8f654453f0>
DEBUG:botocore.hooks:Event creating-client-class.s3: calling handler <function lazy_call.<locals>._handler at 0x7f8f6535b250>
DEBUG:botocore.hooks:Event creating-client-class.s3: calling handler <function add_generate_presigned_url at 0x7f8f654451b0>
DEBUG:botocore.configprovider:Looking for endpoint for s3 via: environment_service
DEBUG:botocore.configprovider:Looking for endpoint for s3 via: environment_global
DEBUG:botocore.configprovider:Looking for endpoint for s3 via: config_service
DEBUG:botocore.configprovider:Looking for endpoint for s3 via: config_global
DEBUG:botocore.configprovider:No configured endpoint found.
DEBUG:botocore.endpoint:Setting s3 timeout as (60, 60)
DEBUG:botocore.loaders:Loading JSON file: /home/ubuntu/.local/lib/python3.10/site-packages/botocore/data/_retry.json
DEBUG:botocore.client:Registering retry handlers for service: s3
DEBUG:botocore.utils:Registering S3 region redirector handler
INFO:werkzeug:[31m[1mWARNING: This is a development server. Do not use it in a production deployment. Use a production WSGI server instead.[0m
 * Running on all addresses (0.0.0.0)
 * Running on http://127.0.0.1:5000
 * Running on http://172.31.6.65:5000
INFO:werkzeug:[33mPress CTRL+C to quit[0m
INFO:werkzeug: * Restarting with stat
DEBUG:botocore.hooks:Changing event name from creating-client-class.iot-data to creating-client-class.iot-data-plane
DEBUG:botocore.hooks:Changing event name from before-call.apigateway to before-call.api-gateway
DEBUG:botocore.hooks:Changing event name from request-created.machinelearning.Predict to request-created.machine-learning.Predict
DEBUG:botocore.hooks:Changing event name from before-parameter-build.autoscaling.CreateLaunchConfiguration to before-parameter-build.auto-scaling.CreateLaunchConfiguration
DEBUG:botocore.hooks:Changing event name from before-parameter-build.route53 to before-parameter-build.route-53
DEBUG:botocore.hooks:Changing event name from request-created.cloudsearchdomain.Search to request-created.cloudsearch-domain.Search
DEBUG:botocore.hooks:Changing event name from docs.*.autoscaling.CreateLaunchConfiguration.complete-section to docs.*.auto-scaling.CreateLaunchConfiguration.complete-section
DEBUG:botocore.hooks:Changing event name from before-parameter-build.logs.CreateExportTask to before-parameter-build.cloudwatch-logs.CreateExportTask
DEBUG:botocore.hooks:Changing event name from docs.*.logs.CreateExportTask.complete-section to docs.*.cloudwatch-logs.CreateExportTask.complete-section
DEBUG:botocore.hooks:Changing event name from before-parameter-build.cloudsearchdomain.Search to before-parameter-build.cloudsearch-domain.Search
DEBUG:botocore.hooks:Changing event name from docs.*.cloudsearchdomain.Search.complete-section to docs.*.cloudsearch-domain.Search.complete-section
DEBUG:botocore.loaders:Loading JSON file: /home/ubuntu/.local/lib/python3.10/site-packages/botocore/data/endpoints.json
DEBUG:botocore.loaders:Loading JSON file: /home/ubuntu/.local/lib/python3.10/site-packages/botocore/data/sdk-default-configuration.json
DEBUG:botocore.hooks:Event choose-service-name: calling handler <function handle_service_name_alias at 0x7f9567a9f010>
DEBUG:botocore.loaders:Loading JSON file: /home/ubuntu/.local/lib/python3.10/site-packages/botocore/data/s3/2006-03-01/service-2.json
DEBUG:botocore.loaders:Loading JSON file: /home/ubuntu/.local/lib/python3.10/site-packages/botocore/data/s3/2006-03-01/endpoint-rule-set-1.json.gz
DEBUG:botocore.loaders:Loading JSON file: /home/ubuntu/.local/lib/python3.10/site-packages/botocore/data/partitions.json
DEBUG:botocore.hooks:Event creating-client-class.s3: calling handler <function add_generate_presigned_post at 0x7f9567c313f0>
DEBUG:botocore.hooks:Event creating-client-class.s3: calling handler <function lazy_call.<locals>._handler at 0x7f9567b47250>
DEBUG:botocore.hooks:Event creating-client-class.s3: calling handler <function add_generate_presigned_url at 0x7f9567c311b0>
DEBUG:botocore.configprovider:Looking for endpoint for s3 via: environment_service
DEBUG:botocore.configprovider:Looking for endpoint for s3 via: environment_global
DEBUG:botocore.configprovider:Looking for endpoint for s3 via: config_service
DEBUG:botocore.configprovider:Looking for endpoint for s3 via: config_global
DEBUG:botocore.configprovider:No configured endpoint found.
DEBUG:botocore.endpoint:Setting s3 timeout as (60, 60)
DEBUG:botocore.loaders:Loading JSON file: /home/ubuntu/.local/lib/python3.10/site-packages/botocore/data/_retry.json
DEBUG:botocore.client:Registering retry handlers for service: s3
DEBUG:botocore.utils:Registering S3 region redirector handler
WARNING:werkzeug: * Debugger is active!
INFO:werkzeug: * Debugger PIN: 873-772-373
DEBUG:botocore.hooks:Changing event name from creating-client-class.iot-data to creating-client-class.iot-data-plane
DEBUG:botocore.hooks:Changing event name from before-call.apigateway to before-call.api-gateway
DEBUG:botocore.hooks:Changing event name from request-created.machinelearning.Predict to request-created.machine-learning.Predict
DEBUG:botocore.hooks:Changing event name from before-parameter-build.autoscaling.CreateLaunchConfiguration to before-parameter-build.auto-scaling.CreateLaunchConfiguration
DEBUG:botocore.hooks:Changing event name from before-parameter-build.route53 to before-parameter-build.route-53
DEBUG:botocore.hooks:Changing event name from request-created.cloudsearchdomain.Search to request-created.cloudsearch-domain.Search
DEBUG:botocore.hooks:Changing event name from docs.*.autoscaling.CreateLaunchConfiguration.complete-section to docs.*.auto-scaling.CreateLaunchConfiguration.complete-section
DEBUG:botocore.hooks:Changing event name from before-parameter-build.logs.CreateExportTask to before-parameter-build.cloudwatch-logs.CreateExportTask
DEBUG:botocore.hooks:Changing event name from docs.*.logs.CreateExportTask.complete-section to docs.*.cloudwatch-logs.CreateExportTask.complete-section
DEBUG:botocore.hooks:Changing event name from before-parameter-build.cloudsearchdomain.Search to before-parameter-build.cloudsearch-domain.Search
DEBUG:botocore.hooks:Changing event name from docs.*.cloudsearchdomain.Search.complete-section to docs.*.cloudsearch-domain.Search.complete-section
DEBUG:botocore.loaders:Loading JSON file: /home/ubuntu/.local/lib/python3.10/site-packages/botocore/data/endpoints.json
DEBUG:botocore.loaders:Loading JSON file: /home/ubuntu/.local/lib/python3.10/site-packages/botocore/data/sdk-default-configuration.json
DEBUG:botocore.hooks:Event choose-service-name: calling handler <function handle_service_name_alias at 0x7f3892997010>
DEBUG:botocore.loaders:Loading JSON file: /home/ubuntu/.local/lib/python3.10/site-packages/botocore/data/s3/2006-03-01/service-2.json
DEBUG:botocore.loaders:Loading JSON file: /home/ubuntu/.local/lib/python3.10/site-packages/botocore/data/s3/2006-03-01/endpoint-rule-set-1.json.gz
DEBUG:botocore.loaders:Loading JSON file: /home/ubuntu/.local/lib/python3.10/site-packages/botocore/data/partitions.json
DEBUG:botocore.hooks:Event creating-client-class.s3: calling handler <function add_generate_presigned_post at 0x7f3892b293f0>
DEBUG:botocore.hooks:Event creating-client-class.s3: calling handler <function lazy_call.<locals>._handler at 0x7f3892a3f250>
DEBUG:botocore.hooks:Event creating-client-class.s3: calling handler <function add_generate_presigned_url at 0x7f3892b291b0>
DEBUG:botocore.configprovider:Looking for endpoint for s3 via: environment_service
DEBUG:botocore.configprovider:Looking for endpoint for s3 via: environment_global
DEBUG:botocore.configprovider:Looking for endpoint for s3 via: config_service
DEBUG:botocore.configprovider:Looking for endpoint for s3 via: config_global
DEBUG:botocore.configprovider:No configured endpoint found.
DEBUG:botocore.endpoint:Setting s3 timeout as (60, 60)
DEBUG:botocore.loaders:Loading JSON file: /home/ubuntu/.local/lib/python3.10/site-packages/botocore/data/_retry.json
DEBUG:botocore.client:Registering retry handlers for service: s3
DEBUG:botocore.utils:Registering S3 region redirector handler
INFO:werkzeug:[31m[1mWARNING: This is a development server. Do not use it in a production deployment. Use a production WSGI server instead.[0m
 * Running on all addresses (0.0.0.0)
 * Running on http://127.0.0.1:5000
 * Running on http://172.31.6.65:5000
INFO:werkzeug:[33mPress CTRL+C to quit[0m
INFO:werkzeug: * Restarting with stat
DEBUG:botocore.hooks:Changing event name from creating-client-class.iot-data to creating-client-class.iot-data-plane
DEBUG:botocore.hooks:Changing event name from before-call.apigateway to before-call.api-gateway
DEBUG:botocore.hooks:Changing event name from request-created.machinelearning.Predict to request-created.machine-learning.Predict
DEBUG:botocore.hooks:Changing event name from before-parameter-build.autoscaling.CreateLaunchConfiguration to before-parameter-build.auto-scaling.CreateLaunchConfiguration
DEBUG:botocore.hooks:Changing event name from before-parameter-build.route53 to before-parameter-build.route-53
DEBUG:botocore.hooks:Changing event name from request-created.cloudsearchdomain.Search to request-created.cloudsearch-domain.Search
DEBUG:botocore.hooks:Changing event name from docs.*.autoscaling.CreateLaunchConfiguration.complete-section to docs.*.auto-scaling.CreateLaunchConfiguration.complete-section
DEBUG:botocore.hooks:Changing event name from before-parameter-build.logs.CreateExportTask to before-parameter-build.cloudwatch-logs.CreateExportTask
DEBUG:botocore.hooks:Changing event name from docs.*.logs.CreateExportTask.complete-section to docs.*.cloudwatch-logs.CreateExportTask.complete-section
DEBUG:botocore.hooks:Changing event name from before-parameter-build.cloudsearchdomain.Search to before-parameter-build.cloudsearch-domain.Search
DEBUG:botocore.hooks:Changing event name from docs.*.cloudsearchdomain.Search.complete-section to docs.*.cloudsearch-domain.Search.complete-section
DEBUG:botocore.loaders:Loading JSON file: /home/ubuntu/.local/lib/python3.10/site-packages/botocore/data/endpoints.json
DEBUG:botocore.loaders:Loading JSON file: /home/ubuntu/.local/lib/python3.10/site-packages/botocore/data/sdk-default-configuration.json
DEBUG:botocore.hooks:Event choose-service-name: calling handler <function handle_service_name_alias at 0x7f8378f67010>
DEBUG:botocore.loaders:Loading JSON file: /home/ubuntu/.local/lib/python3.10/site-packages/botocore/data/s3/2006-03-01/service-2.json
DEBUG:botocore.loaders:Loading JSON file: /home/ubuntu/.local/lib/python3.10/site-packages/botocore/data/s3/2006-03-01/endpoint-rule-set-1.json.gz
DEBUG:botocore.loaders:Loading JSON file: /home/ubuntu/.local/lib/python3.10/site-packages/botocore/data/partitions.json
DEBUG:botocore.hooks:Event creating-client-class.s3: calling handler <function add_generate_presigned_post at 0x7f83790f93f0>
DEBUG:botocore.hooks:Event creating-client-class.s3: calling handler <function lazy_call.<locals>._handler at 0x7f837900f250>
DEBUG:botocore.hooks:Event creating-client-class.s3: calling handler <function add_generate_presigned_url at 0x7f83790f91b0>
DEBUG:botocore.configprovider:Looking for endpoint for s3 via: environment_service
DEBUG:botocore.configprovider:Looking for endpoint for s3 via: environment_global
DEBUG:botocore.configprovider:Looking for endpoint for s3 via: config_service
DEBUG:botocore.configprovider:Looking for endpoint for s3 via: config_global
DEBUG:botocore.configprovider:No configured endpoint found.
DEBUG:botocore.endpoint:Setting s3 timeout as (60, 60)
DEBUG:botocore.loaders:Loading JSON file: /home/ubuntu/.local/lib/python3.10/site-packages/botocore/data/_retry.json
DEBUG:botocore.client:Registering retry handlers for service: s3
DEBUG:botocore.utils:Registering S3 region redirector handler
WARNING:werkzeug: * Debugger is active!
INFO:werkzeug: * Debugger PIN: 873-772-373
DEBUG:botocore.hooks:Changing event name from creating-client-class.iot-data to creating-client-class.iot-data-plane
DEBUG:botocore.hooks:Changing event name from before-call.apigateway to before-call.api-gateway
DEBUG:botocore.hooks:Changing event name from request-created.machinelearning.Predict to request-created.machine-learning.Predict
DEBUG:botocore.hooks:Changing event name from before-parameter-build.autoscaling.CreateLaunchConfiguration to before-parameter-build.auto-scaling.CreateLaunchConfiguration
DEBUG:botocore.hooks:Changing event name from before-parameter-build.route53 to before-parameter-build.route-53
DEBUG:botocore.hooks:Changing event name from request-created.cloudsearchdomain.Search to request-created.cloudsearch-domain.Search
DEBUG:botocore.hooks:Changing event name from docs.*.autoscaling.CreateLaunchConfiguration.complete-section to docs.*.auto-scaling.CreateLaunchConfiguration.complete-section
DEBUG:botocore.hooks:Changing event name from before-parameter-build.logs.CreateExportTask to before-parameter-build.cloudwatch-logs.CreateExportTask
DEBUG:botocore.hooks:Changing event name from docs.*.logs.CreateExportTask.complete-section to docs.*.cloudwatch-logs.CreateExportTask.complete-section
DEBUG:botocore.hooks:Changing event name from before-parameter-build.cloudsearchdomain.Search to before-parameter-build.cloudsearch-domain.Search
DEBUG:botocore.hooks:Changing event name from docs.*.cloudsearchdomain.Search.complete-section to docs.*.cloudsearch-domain.Search.complete-section
DEBUG:botocore.loaders:Loading JSON file: /home/ubuntu/.local/lib/python3.10/site-packages/botocore/data/endpoints.json
DEBUG:botocore.loaders:Loading JSON file: /home/ubuntu/.local/lib/python3.10/site-packages/botocore/data/sdk-default-configuration.json
DEBUG:botocore.hooks:Event choose-service-name: calling handler <function handle_service_name_alias at 0x7fc02c887010>
DEBUG:botocore.loaders:Loading JSON file: /home/ubuntu/.local/lib/python3.10/site-packages/botocore/data/s3/2006-03-01/service-2.json
DEBUG:botocore.loaders:Loading JSON file: /home/ubuntu/.local/lib/python3.10/site-packages/botocore/data/s3/2006-03-01/endpoint-rule-set-1.json.gz
DEBUG:botocore.loaders:Loading JSON file: /home/ubuntu/.local/lib/python3.10/site-packages/botocore/data/partitions.json
DEBUG:botocore.hooks:Event creating-client-class.s3: calling handler <function add_generate_presigned_post at 0x7fc02ca193f0>
DEBUG:botocore.hooks:Event creating-client-class.s3: calling handler <function lazy_call.<locals>._handler at 0x7fc02c92f250>
DEBUG:botocore.hooks:Event creating-client-class.s3: calling handler <function add_generate_presigned_url at 0x7fc02ca191b0>
DEBUG:botocore.configprovider:Looking for endpoint for s3 via: environment_service
DEBUG:botocore.configprovider:Looking for endpoint for s3 via: environment_global
DEBUG:botocore.configprovider:Looking for endpoint for s3 via: config_service
DEBUG:botocore.configprovider:Looking for endpoint for s3 via: config_global
DEBUG:botocore.configprovider:No configured endpoint found.
DEBUG:botocore.endpoint:Setting s3 timeout as (60, 60)
DEBUG:botocore.loaders:Loading JSON file: /home/ubuntu/.local/lib/python3.10/site-packages/botocore/data/_retry.json
DEBUG:botocore.client:Registering retry handlers for service: s3
DEBUG:botocore.utils:Registering S3 region redirector handler
INFO:werkzeug:[31m[1mWARNING: This is a development server. Do not use it in a production deployment. Use a production WSGI server instead.[0m
 * Running on all addresses (0.0.0.0)
 * Running on http://127.0.0.1:5000
 * Running on http://172.31.6.65:5000
INFO:werkzeug:[33mPress CTRL+C to quit[0m
INFO:werkzeug: * Restarting with stat
DEBUG:botocore.hooks:Changing event name from creating-client-class.iot-data to creating-client-class.iot-data-plane
DEBUG:botocore.hooks:Changing event name from before-call.apigateway to before-call.api-gateway
DEBUG:botocore.hooks:Changing event name from request-created.machinelearning.Predict to request-created.machine-learning.Predict
DEBUG:botocore.hooks:Changing event name from before-parameter-build.autoscaling.CreateLaunchConfiguration to before-parameter-build.auto-scaling.CreateLaunchConfiguration
DEBUG:botocore.hooks:Changing event name from before-parameter-build.route53 to before-parameter-build.route-53
DEBUG:botocore.hooks:Changing event name from request-created.cloudsearchdomain.Search to request-created.cloudsearch-domain.Search
DEBUG:botocore.hooks:Changing event name from docs.*.autoscaling.CreateLaunchConfiguration.complete-section to docs.*.auto-scaling.CreateLaunchConfiguration.complete-section
DEBUG:botocore.hooks:Changing event name from before-parameter-build.logs.CreateExportTask to before-parameter-build.cloudwatch-logs.CreateExportTask
DEBUG:botocore.hooks:Changing event name from docs.*.logs.CreateExportTask.complete-section to docs.*.cloudwatch-logs.CreateExportTask.complete-section
DEBUG:botocore.hooks:Changing event name from before-parameter-build.cloudsearchdomain.Search to before-parameter-build.cloudsearch-domain.Search
DEBUG:botocore.hooks:Changing event name from docs.*.cloudsearchdomain.Search.complete-section to docs.*.cloudsearch-domain.Search.complete-section
DEBUG:botocore.loaders:Loading JSON file: /home/ubuntu/.local/lib/python3.10/site-packages/botocore/data/endpoints.json
DEBUG:botocore.loaders:Loading JSON file: /home/ubuntu/.local/lib/python3.10/site-packages/botocore/data/sdk-default-configuration.json
DEBUG:botocore.hooks:Event choose-service-name: calling handler <function handle_service_name_alias at 0x7fbc63487010>
DEBUG:botocore.loaders:Loading JSON file: /home/ubuntu/.local/lib/python3.10/site-packages/botocore/data/s3/2006-03-01/service-2.json
DEBUG:botocore.loaders:Loading JSON file: /home/ubuntu/.local/lib/python3.10/site-packages/botocore/data/s3/2006-03-01/endpoint-rule-set-1.json.gz
DEBUG:botocore.loaders:Loading JSON file: /home/ubuntu/.local/lib/python3.10/site-packages/botocore/data/partitions.json
DEBUG:botocore.hooks:Event creating-client-class.s3: calling handler <function add_generate_presigned_post at 0x7fbc636193f0>
DEBUG:botocore.hooks:Event creating-client-class.s3: calling handler <function lazy_call.<locals>._handler at 0x7fbc6352f250>
DEBUG:botocore.hooks:Event creating-client-class.s3: calling handler <function add_generate_presigned_url at 0x7fbc636191b0>
DEBUG:botocore.configprovider:Looking for endpoint for s3 via: environment_service
DEBUG:botocore.configprovider:Looking for endpoint for s3 via: environment_global
DEBUG:botocore.configprovider:Looking for endpoint for s3 via: config_service
DEBUG:botocore.configprovider:Looking for endpoint for s3 via: config_global
DEBUG:botocore.configprovider:No configured endpoint found.
DEBUG:botocore.endpoint:Setting s3 timeout as (60, 60)
DEBUG:botocore.loaders:Loading JSON file: /home/ubuntu/.local/lib/python3.10/site-packages/botocore/data/_retry.json
DEBUG:botocore.client:Registering retry handlers for service: s3
DEBUG:botocore.utils:Registering S3 region redirector handler
WARNING:werkzeug: * Debugger is active!
INFO:werkzeug: * Debugger PIN: 873-772-373
INFO:werkzeug: * Detected change in '/home/ubuntu/musemingle/authentication_methods.py', reloading
INFO:werkzeug: * Restarting with stat
DEBUG:botocore.hooks:Changing event name from creating-client-class.iot-data to creating-client-class.iot-data-plane
DEBUG:botocore.hooks:Changing event name from before-call.apigateway to before-call.api-gateway
DEBUG:botocore.hooks:Changing event name from request-created.machinelearning.Predict to request-created.machine-learning.Predict
DEBUG:botocore.hooks:Changing event name from before-parameter-build.autoscaling.CreateLaunchConfiguration to before-parameter-build.auto-scaling.CreateLaunchConfiguration
DEBUG:botocore.hooks:Changing event name from before-parameter-build.route53 to before-parameter-build.route-53
DEBUG:botocore.hooks:Changing event name from request-created.cloudsearchdomain.Search to request-created.cloudsearch-domain.Search
DEBUG:botocore.hooks:Changing event name from docs.*.autoscaling.CreateLaunchConfiguration.complete-section to docs.*.auto-scaling.CreateLaunchConfiguration.complete-section
DEBUG:botocore.hooks:Changing event name from before-parameter-build.logs.CreateExportTask to before-parameter-build.cloudwatch-logs.CreateExportTask
DEBUG:botocore.hooks:Changing event name from docs.*.logs.CreateExportTask.complete-section to docs.*.cloudwatch-logs.CreateExportTask.complete-section
DEBUG:botocore.hooks:Changing event name from before-parameter-build.cloudsearchdomain.Search to before-parameter-build.cloudsearch-domain.Search
DEBUG:botocore.hooks:Changing event name from docs.*.cloudsearchdomain.Search.complete-section to docs.*.cloudsearch-domain.Search.complete-section
DEBUG:botocore.loaders:Loading JSON file: /home/ubuntu/.local/lib/python3.10/site-packages/botocore/data/endpoints.json
DEBUG:botocore.loaders:Loading JSON file: /home/ubuntu/.local/lib/python3.10/site-packages/botocore/data/sdk-default-configuration.json
DEBUG:botocore.hooks:Event choose-service-name: calling handler <function handle_service_name_alias at 0x7fbc6a0b3010>
DEBUG:botocore.loaders:Loading JSON file: /home/ubuntu/.local/lib/python3.10/site-packages/botocore/data/s3/2006-03-01/service-2.json
DEBUG:botocore.loaders:Loading JSON file: /home/ubuntu/.local/lib/python3.10/site-packages/botocore/data/s3/2006-03-01/endpoint-rule-set-1.json.gz
DEBUG:botocore.loaders:Loading JSON file: /home/ubuntu/.local/lib/python3.10/site-packages/botocore/data/partitions.json
DEBUG:botocore.hooks:Event creating-client-class.s3: calling handler <function add_generate_presigned_post at 0x7fbc6a2453f0>
DEBUG:botocore.hooks:Event creating-client-class.s3: calling handler <function lazy_call.<locals>._handler at 0x7fbc6a15b250>
DEBUG:botocore.hooks:Event creating-client-class.s3: calling handler <function add_generate_presigned_url at 0x7fbc6a2451b0>
DEBUG:botocore.configprovider:Looking for endpoint for s3 via: environment_service
DEBUG:botocore.configprovider:Looking for endpoint for s3 via: environment_global
DEBUG:botocore.configprovider:Looking for endpoint for s3 via: config_service
DEBUG:botocore.configprovider:Looking for endpoint for s3 via: config_global
DEBUG:botocore.configprovider:No configured endpoint found.
DEBUG:botocore.endpoint:Setting s3 timeout as (60, 60)
DEBUG:botocore.loaders:Loading JSON file: /home/ubuntu/.local/lib/python3.10/site-packages/botocore/data/_retry.json
DEBUG:botocore.client:Registering retry handlers for service: s3
DEBUG:botocore.utils:Registering S3 region redirector handler
WARNING:werkzeug: * Debugger is active!
INFO:werkzeug: * Debugger PIN: 873-772-373
INFO:werkzeug: * Detected change in '/home/ubuntu/musemingle/musemingle.py', reloading
INFO:werkzeug: * Restarting with stat
DEBUG:botocore.hooks:Changing event name from creating-client-class.iot-data to creating-client-class.iot-data-plane
DEBUG:botocore.hooks:Changing event name from before-call.apigateway to before-call.api-gateway
DEBUG:botocore.hooks:Changing event name from request-created.machinelearning.Predict to request-created.machine-learning.Predict
DEBUG:botocore.hooks:Changing event name from before-parameter-build.autoscaling.CreateLaunchConfiguration to before-parameter-build.auto-scaling.CreateLaunchConfiguration
DEBUG:botocore.hooks:Changing event name from before-parameter-build.route53 to before-parameter-build.route-53
DEBUG:botocore.hooks:Changing event name from request-created.cloudsearchdomain.Search to request-created.cloudsearch-domain.Search
DEBUG:botocore.hooks:Changing event name from docs.*.autoscaling.CreateLaunchConfiguration.complete-section to docs.*.auto-scaling.CreateLaunchConfiguration.complete-section
DEBUG:botocore.hooks:Changing event name from before-parameter-build.logs.CreateExportTask to before-parameter-build.cloudwatch-logs.CreateExportTask
DEBUG:botocore.hooks:Changing event name from docs.*.logs.CreateExportTask.complete-section to docs.*.cloudwatch-logs.CreateExportTask.complete-section
DEBUG:botocore.hooks:Changing event name from before-parameter-build.cloudsearchdomain.Search to before-parameter-build.cloudsearch-domain.Search
DEBUG:botocore.hooks:Changing event name from docs.*.cloudsearchdomain.Search.complete-section to docs.*.cloudsearch-domain.Search.complete-section
DEBUG:botocore.loaders:Loading JSON file: /home/ubuntu/.local/lib/python3.10/site-packages/botocore/data/endpoints.json
DEBUG:botocore.loaders:Loading JSON file: /home/ubuntu/.local/lib/python3.10/site-packages/botocore/data/sdk-default-configuration.json
DEBUG:botocore.hooks:Event choose-service-name: calling handler <function handle_service_name_alias at 0x7fceeaad3d00>
DEBUG:botocore.loaders:Loading JSON file: /home/ubuntu/.local/lib/python3.10/site-packages/botocore/data/s3/2006-03-01/service-2.json
DEBUG:botocore.loaders:Loading JSON file: /home/ubuntu/.local/lib/python3.10/site-packages/botocore/data/s3/2006-03-01/endpoint-rule-set-1.json.gz
DEBUG:botocore.loaders:Loading JSON file: /home/ubuntu/.local/lib/python3.10/site-packages/botocore/data/partitions.json
DEBUG:botocore.hooks:Event creating-client-class.s3: calling handler <function add_generate_presigned_post at 0x7fceeaa620e0>
DEBUG:botocore.hooks:Event creating-client-class.s3: calling handler <function lazy_call.<locals>._handler at 0x7fceea983f40>
DEBUG:botocore.hooks:Event creating-client-class.s3: calling handler <function add_generate_presigned_url at 0x7fceeaa61ea0>
DEBUG:botocore.configprovider:Looking for endpoint for s3 via: environment_service
DEBUG:botocore.configprovider:Looking for endpoint for s3 via: environment_global
DEBUG:botocore.configprovider:Looking for endpoint for s3 via: config_service
DEBUG:botocore.configprovider:Looking for endpoint for s3 via: config_global
DEBUG:botocore.configprovider:No configured endpoint found.
DEBUG:botocore.endpoint:Setting s3 timeout as (60, 60)
DEBUG:botocore.loaders:Loading JSON file: /home/ubuntu/.local/lib/python3.10/site-packages/botocore/data/_retry.json
DEBUG:botocore.client:Registering retry handlers for service: s3
DEBUG:botocore.utils:Registering S3 region redirector handler
ERROR:flask_migrate:Error: Directory migrations already exists and is not empty
DEBUG:botocore.hooks:Changing event name from creating-client-class.iot-data to creating-client-class.iot-data-plane
DEBUG:botocore.hooks:Changing event name from before-call.apigateway to before-call.api-gateway
DEBUG:botocore.hooks:Changing event name from request-created.machinelearning.Predict to request-created.machine-learning.Predict
DEBUG:botocore.hooks:Changing event name from before-parameter-build.autoscaling.CreateLaunchConfiguration to before-parameter-build.auto-scaling.CreateLaunchConfiguration
DEBUG:botocore.hooks:Changing event name from before-parameter-build.route53 to before-parameter-build.route-53
DEBUG:botocore.hooks:Changing event name from request-created.cloudsearchdomain.Search to request-created.cloudsearch-domain.Search
DEBUG:botocore.hooks:Changing event name from docs.*.autoscaling.CreateLaunchConfiguration.complete-section to docs.*.auto-scaling.CreateLaunchConfiguration.complete-section
DEBUG:botocore.hooks:Changing event name from before-parameter-build.logs.CreateExportTask to before-parameter-build.cloudwatch-logs.CreateExportTask
DEBUG:botocore.hooks:Changing event name from docs.*.logs.CreateExportTask.complete-section to docs.*.cloudwatch-logs.CreateExportTask.complete-section
DEBUG:botocore.hooks:Changing event name from before-parameter-build.cloudsearchdomain.Search to before-parameter-build.cloudsearch-domain.Search
DEBUG:botocore.hooks:Changing event name from docs.*.cloudsearchdomain.Search.complete-section to docs.*.cloudsearch-domain.Search.complete-section
DEBUG:botocore.loaders:Loading JSON file: /home/ubuntu/.local/lib/python3.10/site-packages/botocore/data/endpoints.json
DEBUG:botocore.loaders:Loading JSON file: /home/ubuntu/.local/lib/python3.10/site-packages/botocore/data/sdk-default-configuration.json
DEBUG:botocore.hooks:Event choose-service-name: calling handler <function handle_service_name_alias at 0x7f873fe9f010>
DEBUG:botocore.loaders:Loading JSON file: /home/ubuntu/.local/lib/python3.10/site-packages/botocore/data/s3/2006-03-01/service-2.json
DEBUG:botocore.loaders:Loading JSON file: /home/ubuntu/.local/lib/python3.10/site-packages/botocore/data/s3/2006-03-01/endpoint-rule-set-1.json.gz
DEBUG:botocore.loaders:Loading JSON file: /home/ubuntu/.local/lib/python3.10/site-packages/botocore/data/partitions.json
DEBUG:botocore.hooks:Event creating-client-class.s3: calling handler <function add_generate_presigned_post at 0x7f87400313f0>
DEBUG:botocore.hooks:Event creating-client-class.s3: calling handler <function lazy_call.<locals>._handler at 0x7f873ff47250>
DEBUG:botocore.hooks:Event creating-client-class.s3: calling handler <function add_generate_presigned_url at 0x7f87400311b0>
DEBUG:botocore.configprovider:Looking for endpoint for s3 via: environment_service
DEBUG:botocore.configprovider:Looking for endpoint for s3 via: environment_global
DEBUG:botocore.configprovider:Looking for endpoint for s3 via: config_service
DEBUG:botocore.configprovider:Looking for endpoint for s3 via: config_global
DEBUG:botocore.configprovider:No configured endpoint found.
DEBUG:botocore.endpoint:Setting s3 timeout as (60, 60)
DEBUG:botocore.loaders:Loading JSON file: /home/ubuntu/.local/lib/python3.10/site-packages/botocore/data/_retry.json
DEBUG:botocore.client:Registering retry handlers for service: s3
DEBUG:botocore.utils:Registering S3 region redirector handler
INFO:werkzeug:[31m[1mWARNING: This is a development server. Do not use it in a production deployment. Use a production WSGI server instead.[0m
 * Running on all addresses (0.0.0.0)
 * Running on http://127.0.0.1:5000
 * Running on http://172.31.6.65:5000
INFO:werkzeug:[33mPress CTRL+C to quit[0m
INFO:werkzeug: * Restarting with stat
DEBUG:botocore.hooks:Changing event name from creating-client-class.iot-data to creating-client-class.iot-data-plane
DEBUG:botocore.hooks:Changing event name from before-call.apigateway to before-call.api-gateway
DEBUG:botocore.hooks:Changing event name from request-created.machinelearning.Predict to request-created.machine-learning.Predict
DEBUG:botocore.hooks:Changing event name from before-parameter-build.autoscaling.CreateLaunchConfiguration to before-parameter-build.auto-scaling.CreateLaunchConfiguration
DEBUG:botocore.hooks:Changing event name from before-parameter-build.route53 to before-parameter-build.route-53
DEBUG:botocore.hooks:Changing event name from request-created.cloudsearchdomain.Search to request-created.cloudsearch-domain.Search
DEBUG:botocore.hooks:Changing event name from docs.*.autoscaling.CreateLaunchConfiguration.complete-section to docs.*.auto-scaling.CreateLaunchConfiguration.complete-section
DEBUG:botocore.hooks:Changing event name from before-parameter-build.logs.CreateExportTask to before-parameter-build.cloudwatch-logs.CreateExportTask
DEBUG:botocore.hooks:Changing event name from docs.*.logs.CreateExportTask.complete-section to docs.*.cloudwatch-logs.CreateExportTask.complete-section
DEBUG:botocore.hooks:Changing event name from before-parameter-build.cloudsearchdomain.Search to before-parameter-build.cloudsearch-domain.Search
DEBUG:botocore.hooks:Changing event name from docs.*.cloudsearchdomain.Search.complete-section to docs.*.cloudsearch-domain.Search.complete-section
DEBUG:botocore.loaders:Loading JSON file: /home/ubuntu/.local/lib/python3.10/site-packages/botocore/data/endpoints.json
DEBUG:botocore.loaders:Loading JSON file: /home/ubuntu/.local/lib/python3.10/site-packages/botocore/data/sdk-default-configuration.json
DEBUG:botocore.hooks:Event choose-service-name: calling handler <function handle_service_name_alias at 0x7f330729f010>
DEBUG:botocore.loaders:Loading JSON file: /home/ubuntu/.local/lib/python3.10/site-packages/botocore/data/s3/2006-03-01/service-2.json
DEBUG:botocore.loaders:Loading JSON file: /home/ubuntu/.local/lib/python3.10/site-packages/botocore/data/s3/2006-03-01/endpoint-rule-set-1.json.gz
DEBUG:botocore.loaders:Loading JSON file: /home/ubuntu/.local/lib/python3.10/site-packages/botocore/data/partitions.json
DEBUG:botocore.hooks:Event creating-client-class.s3: calling handler <function add_generate_presigned_post at 0x7f33074313f0>
DEBUG:botocore.hooks:Event creating-client-class.s3: calling handler <function lazy_call.<locals>._handler at 0x7f3307347250>
DEBUG:botocore.hooks:Event creating-client-class.s3: calling handler <function add_generate_presigned_url at 0x7f33074311b0>
DEBUG:botocore.configprovider:Looking for endpoint for s3 via: environment_service
DEBUG:botocore.configprovider:Looking for endpoint for s3 via: environment_global
DEBUG:botocore.configprovider:Looking for endpoint for s3 via: config_service
DEBUG:botocore.configprovider:Looking for endpoint for s3 via: config_global
DEBUG:botocore.configprovider:No configured endpoint found.
DEBUG:botocore.endpoint:Setting s3 timeout as (60, 60)
DEBUG:botocore.loaders:Loading JSON file: /home/ubuntu/.local/lib/python3.10/site-packages/botocore/data/_retry.json
DEBUG:botocore.client:Registering retry handlers for service: s3
DEBUG:botocore.utils:Registering S3 region redirector handler
WARNING:werkzeug: * Debugger is active!
INFO:werkzeug: * Debugger PIN: 826-543-438
